<?xml version="1.0" encoding="UTF-8"?>
<!-- Generated by org.testng.reporters.JUnitReportReporter -->
<testsuite hostname="DESKTOP-B734UNB" failures="0" tests="1" name="demo.TestNGParametersDemo" time="0.007" errors="0" timestamp="2022-03-09T23:35:20 IST" skipped="0">
  <testcase classname="demo.TestNGParametersDemo" name="test" time="0.007"/>
  <system-out/>
</testsuite> <!-- demo.TestNGParametersDemo -->
