<?xml version="1.0" encoding="UTF-8"?>
<!-- Generated by org.testng.reporters.JUnitReportReporter -->
<testsuite hostname="DESKTOP-B734UNB" failures="0" tests="1" name="test.TestNG_demo" time="3.363" errors="0" timestamp="2022-03-06T12:28:11 IST" skipped="0">
  <testcase classname="test.TestNG_demo" name="googleSearch" time="3.363"/>
  <system-out/>
</testsuite> <!-- test.TestNG_demo -->
