<?xml version="1.0" encoding="UTF-8"?>
<!-- Generated by org.testng.reporters.JUnitReportReporter -->
<testsuite hostname="DESKTOP-B734UNB" failures="0" tests="2" name="demo.TestNGIgnoreDemo" time="0.007" errors="0" timestamp="2022-03-12T00:24:28 IST" skipped="1">
  <testcase classname="demo.TestNGIgnoreDemo" name="Test2" time="0.007"/>
  <system-out/>
  <testcase classname="demo.TestNGIgnoreDemo" name="Test1">
    <skipped/>
  </testcase> <!-- Test1 -->
  <system-out/>
</testsuite> <!-- demo.TestNGIgnoreDemo -->
