<?xml version="1.0" encoding="UTF-8"?>
<!-- Generated by org.testng.reporters.JUnitReportReporter -->
<testsuite hostname="DESKTOP-B734UNB" failures="0" tests="7" name="utils.ExcelDataProvider" time="32.040" errors="0" timestamp="2022-03-02T09:27:06 IST" skipped="0">
  <testcase classname="utils.ExcelDataProvider" name="test1" time="3.971"/>
  <system-out/>
  <testcase classname="utils.ExcelDataProvider" name="test1" time="3.976"/>
  <system-out/>
  <testcase classname="utils.ExcelDataProvider" name="test1" time="3.938"/>
  <system-out/>
  <testcase classname="utils.ExcelDataProvider" name="test1" time="3.830"/>
  <system-out/>
  <testcase classname="utils.ExcelDataProvider" name="test1" time="4.228"/>
  <system-out/>
  <testcase classname="utils.ExcelDataProvider" name="test1" time="7.946"/>
  <system-out/>
  <testcase classname="utils.ExcelDataProvider" name="test1" time="4.151"/>
  <system-out/>
</testsuite> <!-- utils.ExcelDataProvider -->
