<?xml version="1.0" encoding="UTF-8"?>
<!-- Generated by org.testng.reporters.JUnitReportReporter -->
<testsuite hostname="DESKTOP-B734UNB" failures="0" tests="3" name="demo.TestNGDependencyDemo" time="0.011" errors="0" timestamp="2022-03-12T08:36:38 IST" skipped="0">
  <testcase classname="demo.TestNGDependencyDemo" name="Test3" time="0.001"/>
  <system-out/>
  <testcase classname="demo.TestNGDependencyDemo" name="Test2" time="0.009"/>
  <system-out/>
  <testcase classname="demo.TestNGDependencyDemo" name="Test1" time="0.001"/>
  <system-out/>
</testsuite> <!-- demo.TestNGDependencyDemo -->
