<?xml version="1.0" encoding="UTF-8"?>
<!-- Generated by org.testng.reporters.JUnitReportReporter -->
<testsuite hostname="DESKTOP-B734UNB" failures="0" tests="1" name="demo.TestNGGroupsDemo" time="0.007" errors="0" timestamp="2022-03-09T21:27:11 IST" skipped="0">
  <testcase classname="demo.TestNGGroupsDemo" name="Test4" time="0.007"/>
  <system-out/>
</testsuite> <!-- demo.TestNGGroupsDemo -->
