<?xml version="1.0" encoding="UTF-8"?>
<!-- Generated by org.testng.reporters.JUnitReportReporter -->
<testsuite hostname="DESKTOP-B734UNB" failures="0" tests="2" name="test.ExtentReportDemowithTestNG" time="0.624" errors="0" timestamp="2021-10-05T01:30:01 IST" skipped="0">
  <testcase classname="test.ExtentReportDemowithTestNG" name="test2" time="0.001"/>
  <system-out/>
  <testcase classname="test.ExtentReportDemowithTestNG" name="test1" time="0.623"/>
  <system-out/>
</testsuite> <!-- test.ExtentReportDemowithTestNG -->
