<?xml version="1.0" encoding="UTF-8"?>
<!-- Generated by org.testng.reporters.JUnitReportReporter -->
<testsuite hostname="DESKTOP-B734UNB" failures="0" tests="1" name="test.TestNG_demo2" time="2.868" errors="0" timestamp="2021-10-06T11:40:39 IST" skipped="0">
  <testcase classname="test.TestNG_demo2" name="googleSearch3" time="2.868"/>
  <system-out/>
</testsuite> <!-- test.TestNG_demo2 -->
