<?xml version="1.0" encoding="UTF-8"?>
<!-- Generated by org.testng.reporters.JUnitReportReporter -->
<testsuite hostname="DESKTOP-B734UNB" failures="0" tests="4" name="demo.TestNGPriorityDemo" time="0.012" errors="0" timestamp="2022-03-04T09:22:09 IST" skipped="0">
  <testcase classname="demo.TestNGPriorityDemo" name="two" time="0.007"/>
  <system-out/>
  <testcase classname="demo.TestNGPriorityDemo" name="one" time="0.002"/>
  <system-out/>
  <testcase classname="demo.TestNGPriorityDemo" name="three" time="0.002"/>
  <system-out/>
  <testcase classname="demo.TestNGPriorityDemo" name="four" time="0.001"/>
  <system-out/>
</testsuite> <!-- demo.TestNGPriorityDemo -->
